0 info it worked if it ends with ok
1 verbose cli [ 'C:\\Program Files\\nodejs\\node.exe',
1 verbose cli   'C:\\Program Files\\nodejs\\node_modules\\npm\\bin\\npm-cli.js',
1 verbose cli   'run',
1 verbose cli   'serve' ]
2 info using npm@3.10.9
3 info using node@v6.9.2
4 verbose run-script [ 'preserve', 'serve', 'postserve' ]
5 info lifecycle indigo@1.0.0~preserve: indigo@1.0.0
6 silly lifecycle indigo@1.0.0~preserve: no script for preserve, continuing
7 info lifecycle indigo@1.0.0~serve: indigo@1.0.0
8 verbose lifecycle indigo@1.0.0~serve: unsafe-perm in lifecycle true
9 verbose lifecycle indigo@1.0.0~serve: PATH: C:\Program Files\nodejs\node_modules\npm\bin\node-gyp-bin;D:\Work Files\Guide\blog\xuhaibahmad.github.io\node_modules\.bin;C:\ProgramData\Oracle\Java\javapath;C:\Program Files\SVN\bin;D:\SDKs\SVN\bin;C:\Program Files (x86)\Skype\Phone\;C:\Program Files\Microsoft SQL Server\110\DTS\Binn\;C:\Program Files (x86)\Microsoft SQL Server\110\Tools\Binn\;C:\Program Files\Microsoft SQL Server\110\Tools\Binn\;C:\Program Files (x86)\Microsoft SQL Server\110\Tools\Binn\ManagementStudio\;C:\Program Files (x86)\Microsoft SQL Server\110\DTS\Binn\;C:\Program Files (x86)\Microsoft Visual Studio 10.0\Common7\IDE\PrivateAssemblies\;C:\Program Files (x86)\AMD\ATI.ACE\Core-Static;D:\SDKs\Git\bin;C:\WINDOWS\system32;C:\WINDOWS;C:\WINDOWS\System32\Wbem;C:\WINDOWS\System32\WindowsPowerShell\v1.0\;D:\SDKs\Android\sdk\platform-tools;C:\Python27;C:\Program Files (x86)\GtkSharp\2.12\bin;C:\Program Files\nodejs\;C:\Ruby23\bin;C:\Program Files\MongoDB\Server\3.2\bin;C:\Users\hp sleek book\AppData\Local\Microsoft\WindowsApps;C:\Users\hp sleek book\AppData\Roaming\npm
10 verbose lifecycle indigo@1.0.0~serve: CWD: D:\Work Files\Guide\blog\xuhaibahmad.github.io
11 silly lifecycle indigo@1.0.0~serve: Args: [ '/d /s /c', 'bundle exec jekyll serve' ]
12 silly lifecycle indigo@1.0.0~serve: Returned: code: 1  signal: null
13 info lifecycle indigo@1.0.0~serve: Failed to exec serve script
14 verbose stack Error: indigo@1.0.0 serve: `bundle exec jekyll serve`
14 verbose stack Exit status 1
14 verbose stack     at EventEmitter.<anonymous> (C:\Program Files\nodejs\node_modules\npm\lib\utils\lifecycle.js:255:16)
14 verbose stack     at emitTwo (events.js:106:13)
14 verbose stack     at EventEmitter.emit (events.js:191:7)
14 verbose stack     at ChildProcess.<anonymous> (C:\Program Files\nodejs\node_modules\npm\lib\utils\spawn.js:40:14)
14 verbose stack     at emitTwo (events.js:106:13)
14 verbose stack     at ChildProcess.emit (events.js:191:7)
14 verbose stack     at maybeClose (internal/child_process.js:877:16)
14 verbose stack     at Process.ChildProcess._handle.onexit (internal/child_process.js:226:5)
15 verbose pkgid indigo@1.0.0
16 verbose cwd D:\Work Files\Guide\blog\xuhaibahmad.github.io
17 error Windows_NT 10.0.14393
18 error argv "C:\\Program Files\\nodejs\\node.exe" "C:\\Program Files\\nodejs\\node_modules\\npm\\bin\\npm-cli.js" "run" "serve"
19 error node v6.9.2
20 error npm  v3.10.9
21 error code ELIFECYCLE
22 error indigo@1.0.0 serve: `bundle exec jekyll serve`
22 error Exit status 1
23 error Failed at the indigo@1.0.0 serve script 'bundle exec jekyll serve'.
23 error Make sure you have the latest version of node.js and npm installed.
23 error If you do, this is most likely a problem with the indigo package,
23 error not with npm itself.
23 error Tell the author that this fails on your system:
23 error     bundle exec jekyll serve
23 error You can get information on how to open an issue for this project with:
23 error     npm bugs indigo
23 error Or if that isn't available, you can get their info via:
23 error     npm owner ls indigo
23 error There is likely additional logging output above.
24 verbose exit [ 1, true ]
